<?xml version="1.0" encoding="UTF-8"?>
<testsuite name="edu.umkc.rashmi.EntityTestController" tests="6" skipped="0" failures="0" errors="0" timestamp="2017-10-03T17:36:11" hostname="DESKTOP-BD6839L" time="2.467">
  <properties/>
  <testcase name="testCheckCollision" classname="edu.umkc.rashmi.EntityTestController" time="0.182"/>
  <testcase name="testUpdateForAsteroid" classname="edu.umkc.rashmi.EntityTestController" time="0.013"/>
  <testcase name="testUpdateForPlayer" classname="edu.umkc.rashmi.EntityTestController" time="0.02"/>
  <testcase name="testCheckCollision" classname="edu.umkc.rashmi.EntityTestController" time="0.06"/>
  <testcase name="testUpdateForAsteroid" classname="edu.umkc.rashmi.EntityTestController" time="0.059"/>
  <testcase name="testUpdateForPlayer" classname="edu.umkc.rashmi.EntityTestController" time="0.041"/>
  <system-out><![CDATA[Inside test case 3 no of lives: 
Asteroid Postion: 618.1849655793164 68.30990315458442
Player position :275.0 275.0
collision state :false
Asteroid Postion: 65.6050668777635 68.62534213922709
Player position :65.6050668777635 68.62534213922709
collision state :true
Inside update of asteroid: 
Asteroid position :442.2405810841575 481.104006270746
Asteroid velocity :0.0753925004992773
Asteorid position :442.69293608715316 479.2332515456827
Asteorid velocity :0.0753925004992773 -0.9353773625316428
Asteorid expected position :442.3159735846568 480.1686289082144
Inside update of player: 
Player position :275.0 275.0
Player velocity :0.0
Thrust added
Thrust added
Player position :274.98208016841915 274.96174428007066
Player velocity :-0.017873817092537762 -0.07616496102888529
Player expected position :274.98212618290745 274.9238350389711
Inside test case 3 no of lives: 
Asteroid Postion: -529.7751473974374 305.72914612739146
Player position :275.0 275.0
collision state :false
Asteroid Postion: 16.299702721781713 305.459258929308
Player position :16.299702721781713 305.459258929308
collision state :true
Inside update of asteroid: 
Asteroid position :427.87527944381293 72.68971806604745
Asteroid velocity :1.0183414045215817
Asteorid position :433.98532787094246 72.73985786327177
Asteorid velocity :1.0183414045215817 0.02506989861215983
Asteorid expected position :428.89362084833454 72.7147879646596
Inside update of player: 
Player position :275.0 275.0
Player velocity :0.0
Thrust added
Thrust added
Player position :274.98208016841915 274.96174428007066
Player velocity :-0.017873817092537762 -0.07616496102888529
Player expected position :274.98212618290745 274.9238350389711
]]></system-out>
  <system-err><![CDATA[]]></system-err>
</testsuite>
