<?xml version="1.0" encoding="UTF-8"?>
<testsuite name="edu.umkc.rashmi.GameTestController" tests="8" skipped="0" failures="0" errors="0" timestamp="2017-10-04T22:40:09" hostname="DESKTOP-BD6839L" time="4.234">
  <properties/>
  <testcase name="testUpdateGameEntities" classname="edu.umkc.rashmi.GameTestController" time="0.019"/>
  <testcase name="testUpdateGameCollision" classname="edu.umkc.rashmi.GameTestController" time="0.027"/>
  <testcase name="testUpdateGameLevel" classname="edu.umkc.rashmi.GameTestController" time="0.028"/>
  <testcase name="testUpdateGameScore" classname="edu.umkc.rashmi.GameTestController" time="2.033"/>
  <testcase name="testUpdateGameEntities" classname="edu.umkc.rashmi.GameTestController" time="0.018"/>
  <testcase name="testUpdateGameCollision" classname="edu.umkc.rashmi.GameTestController" time="0.018"/>
  <testcase name="testUpdateGameLevel" classname="edu.umkc.rashmi.GameTestController" time="0.018"/>
  <testcase name="testUpdateGameScore" classname="edu.umkc.rashmi.GameTestController" time="2.022"/>
  <system-out><![CDATA[ inside entities test case
entities: [org.psnbtech.entity.Player@2df6189, org.psnbtech.entity.Asteroid@21798f41, org.psnbtech.entity.Asteroid@7c34753, org.psnbtech.entity.Asteroid@6e88ae9f, org.psnbtech.entity.Asteroid@17a259ee, org.psnbtech.entity.Asteroid@7a4ccfdc] 0
 inside collision test case
lives after collision: 2
 inside level test case
level up
removevel info:1 [org.psnbtech.entity.Player@4e9bb9ce, org.psnbtech.entity.Asteroid@3689fb30, org.psnbtech.entity.Asteroid@3aa853c0, org.psnbtech.entity.Asteroid@41d48216]
Inside score test case
player position275.0 275.0
Score :0
Total entities before hit:[org.psnbtech.entity.Player@7f77d7c9]
Score before hit:0[org.psnbtech.entity.Player@7f77d7c9, org.psnbtech.entity.Asteroid@6c6c0b60]
Score after adding bullets20 [org.psnbtech.entity.Player@7f77d7c9, org.psnbtech.entity.Bullet@32867a06, org.psnbtech.entity.Bullet@1b330b1d, org.psnbtech.entity.Bullet@5abb5e2d, org.psnbtech.entity.Bullet@56006911, org.psnbtech.entity.Bullet@57d76f9d, org.psnbtech.entity.Bullet@543fed99, org.psnbtech.entity.Bullet@54f58b05, org.psnbtech.entity.Bullet@168286b, org.psnbtech.entity.Bullet@6d2f145c, org.psnbtech.entity.Bullet@46576f45, org.psnbtech.entity.Bullet@3e026929, org.psnbtech.entity.Bullet@7ee925f2, org.psnbtech.entity.Bullet@6b715387, org.psnbtech.entity.Bullet@16a134eb, org.psnbtech.entity.Bullet@3b474c37, org.psnbtech.entity.Bullet@cb63818, org.psnbtech.entity.Bullet@6dbabf62, org.psnbtech.entity.Bullet@7223c852, org.psnbtech.entity.Bullet@730414d5]
Score after hit:20 20.0 20
 inside entities test case
entities: [org.psnbtech.entity.Player@5ab78da7, org.psnbtech.entity.Asteroid@3160dd51, org.psnbtech.entity.Asteroid@79491ac9, org.psnbtech.entity.Asteroid@34f04d05, org.psnbtech.entity.Asteroid@52cc3489, org.psnbtech.entity.Asteroid@65f1e1d4] 0
 inside collision test case
lives after collision: 2
 inside level test case
level up
removevel info:1 [org.psnbtech.entity.Player@74f95f04, org.psnbtech.entity.Asteroid@64cf809c, org.psnbtech.entity.Asteroid@67a3659f, org.psnbtech.entity.Asteroid@25924748]
Inside score test case
player position275.0 275.0
Score :0
Total entities before hit:[org.psnbtech.entity.Player@5ea54e8e]
Score before hit:0[org.psnbtech.entity.Player@5ea54e8e, org.psnbtech.entity.Asteroid@7d0167e]
Score after adding bullets20 [org.psnbtech.entity.Player@5ea54e8e, org.psnbtech.entity.Bullet@3712d6cb, org.psnbtech.entity.Bullet@782ecd33, org.psnbtech.entity.Bullet@c8b3d86, org.psnbtech.entity.Bullet@befa98f, org.psnbtech.entity.Bullet@2a6a92b7, org.psnbtech.entity.Bullet@24a3959c, org.psnbtech.entity.Bullet@7111fb83, org.psnbtech.entity.Bullet@74497ff, org.psnbtech.entity.Bullet@7945428a, org.psnbtech.entity.Bullet@4172274b, org.psnbtech.entity.Bullet@3fc11105, org.psnbtech.entity.Bullet@1c19926d, org.psnbtech.entity.Bullet@4f9bc276, org.psnbtech.entity.Bullet@1f83fcb1, org.psnbtech.entity.Bullet@287d8f7d, org.psnbtech.entity.Bullet@78a7eae5, org.psnbtech.entity.Bullet@69be0ff5, org.psnbtech.entity.Bullet@69d81007, org.psnbtech.entity.Bullet@2d9a7c26]
Score after hit:20 20.0 20
]]></system-out>
  <system-err><![CDATA[]]></system-err>
</testsuite>
